2016-11-03 23:56:13.135+0000 INFO  [o.n.k.i.f.CommunityFacadeFactory] No locking implementation specified, defaulting to 'community'
2016-11-03 23:56:13.467+0000 INFO  [o.n.k.AvailabilityGuard] Requirement makes database unavailable: Database available
2016-11-03 23:56:13.472+0000 INFO  [o.n.k.i.DiagnosticsManager] --- INITIALIZED diagnostics START ---
2016-11-03 23:56:13.472+0000 INFO  [o.n.k.i.DiagnosticsManager] Neo4j Kernel properties:
2016-11-03 23:56:13.474+0000 INFO  [o.n.k.i.DiagnosticsManager] ephemeral=false
2016-11-03 23:56:13.474+0000 INFO  [o.n.k.i.DiagnosticsManager] edition=Community
2016-11-03 23:56:13.474+0000 INFO  [o.n.k.i.DiagnosticsManager] Diagnostics providers:
2016-11-03 23:56:13.474+0000 INFO  [o.n.k.i.DiagnosticsManager] org.neo4j.kernel.configuration.Config
2016-11-03 23:56:13.475+0000 INFO  [o.n.k.i.DiagnosticsManager] org.neo4j.kernel.info.DiagnosticsManager
2016-11-03 23:56:13.475+0000 INFO  [o.n.k.i.DiagnosticsManager] SYSTEM_MEMORY
2016-11-03 23:56:13.475+0000 INFO  [o.n.k.i.DiagnosticsManager] JAVA_MEMORY
2016-11-03 23:56:13.475+0000 INFO  [o.n.k.i.DiagnosticsManager] OPERATING_SYSTEM
2016-11-03 23:56:13.475+0000 INFO  [o.n.k.i.DiagnosticsManager] JAVA_VIRTUAL_MACHINE
2016-11-03 23:56:13.475+0000 INFO  [o.n.k.i.DiagnosticsManager] CLASSPATH
2016-11-03 23:56:13.475+0000 INFO  [o.n.k.i.DiagnosticsManager] LIBRARY_PATH
2016-11-03 23:56:13.475+0000 INFO  [o.n.k.i.DiagnosticsManager] SYSTEM_PROPERTIES
2016-11-03 23:56:13.475+0000 INFO  [o.n.k.i.DiagnosticsManager] LINUX_SCHEDULERS
2016-11-03 23:56:13.475+0000 INFO  [o.n.k.i.DiagnosticsManager] NETWORK
2016-11-03 23:56:13.475+0000 INFO  [o.n.k.i.DiagnosticsManager] System memory information:
2016-11-03 23:56:13.498+0000 INFO  [o.n.k.i.DiagnosticsManager] Total Physical memory: 7,68 GB
2016-11-03 23:56:13.498+0000 INFO  [o.n.k.i.DiagnosticsManager] Free Physical memory: 3,24 GB
2016-11-03 23:56:13.499+0000 INFO  [o.n.k.i.DiagnosticsManager] Committed virtual memory: 4,20 GB
2016-11-03 23:56:13.499+0000 INFO  [o.n.k.i.DiagnosticsManager] Total swap space: 0,00 B
2016-11-03 23:56:13.499+0000 INFO  [o.n.k.i.DiagnosticsManager] Free swap space: 0,00 B
2016-11-03 23:56:13.499+0000 INFO  [o.n.k.i.DiagnosticsManager] JVM memory information:
2016-11-03 23:56:13.499+0000 INFO  [o.n.k.i.DiagnosticsManager] Free  memory: 80,10 MB
2016-11-03 23:56:13.499+0000 INFO  [o.n.k.i.DiagnosticsManager] Total memory: 119,00 MB
2016-11-03 23:56:13.499+0000 INFO  [o.n.k.i.DiagnosticsManager] Max   memory: 1,71 GB
2016-11-03 23:56:13.500+0000 INFO  [o.n.k.i.DiagnosticsManager] Garbage Collector: PS Scavenge: [PS Eden Space, PS Survivor Space]
2016-11-03 23:56:13.500+0000 INFO  [o.n.k.i.DiagnosticsManager] Garbage Collector: PS MarkSweep: [PS Eden Space, PS Survivor Space, PS Old Gen]
2016-11-03 23:56:13.501+0000 INFO  [o.n.k.i.DiagnosticsManager] Memory Pool: Code Cache (Non-heap memory): committed=2,69 MB, used=2,66 MB, max=240,00 MB, threshold=0,00 B
2016-11-03 23:56:13.502+0000 INFO  [o.n.k.i.DiagnosticsManager] Memory Pool: Metaspace (Non-heap memory): committed=7,88 MB, used=7,58 MB, max=-1,00 B, threshold=0,00 B
2016-11-03 23:56:13.502+0000 INFO  [o.n.k.i.DiagnosticsManager] Memory Pool: Compressed Class Space (Non-heap memory): committed=1,13 MB, used=1019,80 kB, max=1,00 GB, threshold=0,00 B
2016-11-03 23:56:13.502+0000 INFO  [o.n.k.i.DiagnosticsManager] Memory Pool: PS Eden Space (Heap memory): committed=31,00 MB, used=20,56 MB, max=646,00 MB, threshold=?
2016-11-03 23:56:13.503+0000 INFO  [o.n.k.i.DiagnosticsManager] Memory Pool: PS Survivor Space (Heap memory): committed=5,00 MB, used=4,99 MB, max=5,00 MB, threshold=?
2016-11-03 23:56:13.503+0000 INFO  [o.n.k.i.DiagnosticsManager] Memory Pool: PS Old Gen (Heap memory): committed=83,00 MB, used=13,34 MB, max=1,28 GB, threshold=0,00 B
2016-11-03 23:56:13.503+0000 INFO  [o.n.k.i.DiagnosticsManager] Operating system information:
2016-11-03 23:56:13.504+0000 INFO  [o.n.k.i.DiagnosticsManager] Operating System: Linux; version: 4.4.0-45-generic; arch: amd64; cpus: 4
2016-11-03 23:56:13.504+0000 INFO  [o.n.k.i.DiagnosticsManager] Max number of file descriptors: 64,00 kB
2016-11-03 23:56:13.505+0000 INFO  [o.n.k.i.DiagnosticsManager] Number of open file descriptors: 47,00 B
2016-11-03 23:56:13.511+0000 INFO  [o.n.k.i.DiagnosticsManager] Process id: 4537@rafael-X450LCP
2016-11-03 23:56:13.511+0000 INFO  [o.n.k.i.DiagnosticsManager] Byte order: LITTLE_ENDIAN
2016-11-03 23:56:13.511+0000 INFO  [o.n.k.i.DiagnosticsManager] Local timezone: America/Sao_Paulo
2016-11-03 23:56:13.511+0000 INFO  [o.n.k.i.DiagnosticsManager] JVM information:
2016-11-03 23:56:13.511+0000 INFO  [o.n.k.i.DiagnosticsManager] VM Name: Java HotSpot(TM) 64-Bit Server VM
2016-11-03 23:56:13.511+0000 INFO  [o.n.k.i.DiagnosticsManager] VM Vendor: Oracle Corporation
2016-11-03 23:56:13.512+0000 INFO  [o.n.k.i.DiagnosticsManager] VM Version: 25.92-b14
2016-11-03 23:56:13.512+0000 INFO  [o.n.k.i.DiagnosticsManager] JIT compiler: HotSpot 64-Bit Tiered Compilers
2016-11-03 23:56:13.512+0000 INFO  [o.n.k.i.DiagnosticsManager] VM Arguments: []
2016-11-03 23:56:13.512+0000 INFO  [o.n.k.i.DiagnosticsManager] Java classpath:
2016-11-03 23:56:13.517+0000 INFO  [o.n.k.i.DiagnosticsManager]  [classpath + loader.0] file:/home/rafael/.m2/repository/org/neo4j/neo4j-cypher-compiler-1.9_2.11/2.0.5/neo4j-cypher-compiler-1.9_2.11-2.0.5.jar
2016-11-03 23:56:13.517+0000 INFO  [o.n.k.i.DiagnosticsManager]  [classpath + loader.0] file:/home/rafael/.m2/repository/org/neo4j/neo4j/2.3.2/neo4j-2.3.2.jar
2016-11-03 23:56:13.517+0000 INFO  [o.n.k.i.DiagnosticsManager]  [classpath + loader.0] file:/home/rafael/.m2/repository/org/neo4j/neo4j-logging/2.3.2/neo4j-logging-2.3.2.jar
2016-11-03 23:56:13.517+0000 INFO  [o.n.k.i.DiagnosticsManager]  [loader.1] file:/usr/lib/jvm/java-8-oracle/jre/lib/ext/zipfs.jar
2016-11-03 23:56:13.517+0000 INFO  [o.n.k.i.DiagnosticsManager]  [loader.1] file:/usr/lib/jvm/java-8-oracle/jre/lib/ext/jfxrt.jar
2016-11-03 23:56:13.517+0000 INFO  [o.n.k.i.DiagnosticsManager]  [bootstrap] /usr/lib/jvm/java-8-oracle/jre/lib/jce.jar
2016-11-03 23:56:13.518+0000 INFO  [o.n.k.i.DiagnosticsManager]  [classpath] /home/rafael/Dropbox/Estudos/Neo4j/Implementações/Rafael/GraphClustering/Communities/target/classes
2016-11-03 23:56:13.518+0000 INFO  [o.n.k.i.DiagnosticsManager]  [classpath + loader.0] file:/home/rafael/.m2/repository/org/neo4j/neo4j-lucene-index/2.3.2/neo4j-lucene-index-2.3.2.jar
2016-11-03 23:56:13.518+0000 INFO  [o.n.k.i.DiagnosticsManager]  [classpath + loader.0] file:/home/rafael/.m2/repository/com/googlecode/concurrentlinkedhashmap/concurrentlinkedhashmap-lru/1.4.2/concurrentlinkedhashmap-lru-1.4.2.jar
2016-11-03 23:56:13.518+0000 INFO  [o.n.k.i.DiagnosticsManager]  [classpath + loader.0] file:/home/rafael/.m2/repository/br/edu/unifei/grafos/MathCommons/1.0-SNAPSHOT/MathCommons-1.0-SNAPSHOT.jar
2016-11-03 23:56:13.518+0000 INFO  [o.n.k.i.DiagnosticsManager]  [classpath + loader.0] file:/home/rafael/.m2/repository/org/ow2/asm/asm/5.0.2/asm-5.0.2.jar
2016-11-03 23:56:13.518+0000 INFO  [o.n.k.i.DiagnosticsManager]  [classpath + loader.0] file:/home/rafael/.m2/repository/junit/junit/4.12/junit-4.12.jar
2016-11-03 23:56:13.518+0000 INFO  [o.n.k.i.DiagnosticsManager]  [loader.1] file:/usr/lib/jvm/java-8-oracle/jre/lib/ext/jaccess.jar
2016-11-03 23:56:13.518+0000 INFO  [o.n.k.i.DiagnosticsManager]  [bootstrap] /usr/lib/jvm/java-8-oracle/jre/lib/jfr.jar
2016-11-03 23:56:13.518+0000 INFO  [o.n.k.i.DiagnosticsManager]  [loader.0] file:/home/rafael/Dropbox/Estudos/Neo4j/Implementa%c3%a7%c3%b5es/Rafael/GraphClustering/GraphCommons/target/classes/
2016-11-03 23:56:13.518+0000 INFO  [o.n.k.i.DiagnosticsManager]  [classpath + loader.0] file:/home/rafael/.m2/repository/org/scala-lang/modules/scala-parser-combinators_2.11/1.0.4/scala-parser-combinators_2.11-1.0.4.jar
2016-11-03 23:56:13.518+0000 INFO  [o.n.k.i.DiagnosticsManager]  [loader.1] file:/usr/lib/jvm/java-8-oracle/jre/lib/ext/sunpkcs11.jar
2016-11-03 23:56:13.518+0000 INFO  [o.n.k.i.DiagnosticsManager]  [loader.0] file:/home/rafael/Dropbox/Estudos/Neo4j/Implementa%c3%a7%c3%b5es/Rafael/GraphClustering/Communities/target/classes/
2016-11-03 23:56:13.518+0000 INFO  [o.n.k.i.DiagnosticsManager]  [classpath + loader.0] file:/home/rafael/.m2/repository/org/parboiled/parboiled-scala_2.11/1.1.7/parboiled-scala_2.11-1.1.7.jar
2016-11-03 23:56:13.518+0000 INFO  [o.n.k.i.DiagnosticsManager]  [classpath + loader.0] file:/home/rafael/.m2/repository/org/neo4j/neo4j-function/2.3.2/neo4j-function-2.3.2.jar
2016-11-03 23:56:13.519+0000 INFO  [o.n.k.i.DiagnosticsManager]  [classpath + loader.0] file:/home/rafael/.m2/repository/org/graphstream/gs-core/1.3/gs-core-1.3.jar
2016-11-03 23:56:13.519+0000 INFO  [o.n.k.i.DiagnosticsManager]  [bootstrap] /usr/lib/jvm/java-8-oracle/jre/lib/rt.jar
2016-11-03 23:56:13.519+0000 INFO  [o.n.k.i.DiagnosticsManager]  [classpath + loader.0] file:/home/rafael/.m2/repository/org/graphstream/pherd/1.0/pherd-1.0.jar
2016-11-03 23:56:13.519+0000 INFO  [o.n.k.i.DiagnosticsManager]  [bootstrap] /usr/lib/jvm/java-8-oracle/jre/lib/jsse.jar
2016-11-03 23:56:13.519+0000 INFO  [o.n.k.i.DiagnosticsManager]  [classpath + loader.0] file:/home/rafael/.m2/repository/org/neo4j/neo4j-kernel/2.3.2/neo4j-kernel-2.3.2.jar
2016-11-03 23:56:13.519+0000 INFO  [o.n.k.i.DiagnosticsManager]  [loader.1] file:/usr/lib/jvm/java-8-oracle/jre/lib/ext/cldrdata.jar
2016-11-03 23:56:13.519+0000 INFO  [o.n.k.i.DiagnosticsManager]  [classpath + loader.0] file:/home/rafael/.m2/repository/commons-collections/commons-collections/3.2.1/commons-collections-3.2.1.jar
2016-11-03 23:56:13.519+0000 INFO  [o.n.k.i.DiagnosticsManager]  [classpath + loader.0] file:/home/rafael/.m2/repository/org/neo4j/neo4j-graph-algo/2.3.2/neo4j-graph-algo-2.3.2.jar
2016-11-03 23:56:13.519+0000 INFO  [o.n.k.i.DiagnosticsManager]  [loader.1] file:/usr/lib/jvm/java-8-oracle/jre/lib/ext/sunec.jar
2016-11-03 23:56:13.519+0000 INFO  [o.n.k.i.DiagnosticsManager]  [bootstrap] /usr/lib/jvm/java-8-oracle/jre/lib/charsets.jar
2016-11-03 23:56:13.519+0000 INFO  [o.n.k.i.DiagnosticsManager]  [classpath + loader.0] file:/home/rafael/.m2/repository/org/graphstream/mbox2/1.0/mbox2-1.0.jar
2016-11-03 23:56:13.519+0000 INFO  [o.n.k.i.DiagnosticsManager]  [classpath + loader.0] file:/home/rafael/.m2/repository/org/neo4j/neo4j-consistency-check-legacy/2.3.2/neo4j-consistency-check-legacy-2.3.2.jar
2016-11-03 23:56:13.519+0000 INFO  [o.n.k.i.DiagnosticsManager]  [classpath + loader.0] file:/home/rafael/.m2/repository/org/neo4j/neo4j-cypher/2.3.2/neo4j-cypher-2.3.2.jar
2016-11-03 23:56:13.519+0000 INFO  [o.n.k.i.DiagnosticsManager]  [classpath + loader.0] file:/home/rafael/.m2/repository/net/sf/opencsv/opencsv/2.3/opencsv-2.3.jar
2016-11-03 23:56:13.519+0000 INFO  [o.n.k.i.DiagnosticsManager]  [classpath + loader.0] file:/home/rafael/.m2/repository/org/neo4j/neo4j-csv/2.3.2/neo4j-csv-2.3.2.jar
2016-11-03 23:56:13.519+0000 INFO  [o.n.k.i.DiagnosticsManager]  [loader.1] file:/usr/lib/jvm/java-8-oracle/jre/lib/ext/sunjce_provider.jar
2016-11-03 23:56:13.520+0000 INFO  [o.n.k.i.DiagnosticsManager]  [classpath + loader.0] file:/home/rafael/.m2/repository/org/neo4j/neo4j-codegen/2.3.2/neo4j-codegen-2.3.2.jar
2016-11-03 23:56:13.520+0000 INFO  [o.n.k.i.DiagnosticsManager]  [classpath + loader.0] file:/home/rafael/.m2/repository/org/neo4j/neo4j-cypher-frontend-2.3/2.3.2/neo4j-cypher-frontend-2.3-2.3.2.jar
2016-11-03 23:56:13.520+0000 INFO  [o.n.k.i.DiagnosticsManager]  [bootstrap] /usr/lib/jvm/java-8-oracle/jre/classes
2016-11-03 23:56:13.520+0000 INFO  [o.n.k.i.DiagnosticsManager]  [classpath + loader.0] file:/home/rafael/.m2/repository/org/neo4j/neo4j-jmx/2.3.2/neo4j-jmx-2.3.2.jar
2016-11-03 23:56:13.520+0000 INFO  [o.n.k.i.DiagnosticsManager]  [classpath + loader.0] file:/home/rafael/.m2/repository/org/scala-lang/scala-reflect/2.11.7/scala-reflect-2.11.7.jar
2016-11-03 23:56:13.520+0000 INFO  [o.n.k.i.DiagnosticsManager]  [classpath + loader.0] file:/home/rafael/.m2/repository/org/neo4j/neo4j-cypher-compiler-2.2_2.11/2.2.6/neo4j-cypher-compiler-2.2_2.11-2.2.6.jar
2016-11-03 23:56:13.520+0000 INFO  [o.n.k.i.DiagnosticsManager]  [classpath + loader.0] file:/home/rafael/.m2/repository/org/slf4j/slf4j-api/1.7.5/slf4j-api-1.7.5.jar
2016-11-03 23:56:13.520+0000 INFO  [o.n.k.i.DiagnosticsManager]  [classpath + loader.0] file:/home/rafael/.m2/repository/org/neo4j/neo4j-unsafe/2.3.2/neo4j-unsafe-2.3.2.jar
2016-11-03 23:56:13.520+0000 INFO  [o.n.k.i.DiagnosticsManager]  [classpath + loader.0] file:/home/rafael/.m2/repository/org/apache/lucene/lucene-core/3.6.2/lucene-core-3.6.2.jar
2016-11-03 23:56:13.520+0000 INFO  [o.n.k.i.DiagnosticsManager]  [loader.1] file:/usr/lib/jvm/java-8-oracle/jre/lib/ext/nashorn.jar
2016-11-03 23:56:13.520+0000 INFO  [o.n.k.i.DiagnosticsManager]  [loader.1] file:/usr/lib/jvm/java-8-oracle/jre/lib/ext/dnsns.jar
2016-11-03 23:56:13.520+0000 INFO  [o.n.k.i.DiagnosticsManager]  [classpath + loader.0] file:/home/rafael/.m2/repository/org/neo4j/neo4j-udc/2.3.2/neo4j-udc-2.3.2.jar
2016-11-03 23:56:13.520+0000 INFO  [o.n.k.i.DiagnosticsManager]  [classpath + loader.0] file:/home/rafael/.m2/repository/org/apache/commons/commons-lang3/3.3.2/commons-lang3-3.3.2.jar
2016-11-03 23:56:13.520+0000 INFO  [o.n.k.i.DiagnosticsManager]  [classpath + loader.0] file:/home/rafael/.m2/repository/org/neo4j/neo4j-primitive-collections/2.3.2/neo4j-primitive-collections-2.3.2.jar
2016-11-03 23:56:13.520+0000 INFO  [o.n.k.i.DiagnosticsManager]  [classpath + loader.0] file:/home/rafael/.m2/repository/concurrent/concurrent/1.3.4/concurrent-1.3.4.jar
2016-11-03 23:56:13.520+0000 INFO  [o.n.k.i.DiagnosticsManager]  [bootstrap] /usr/lib/jvm/java-8-oracle/jre/lib/sunrsasign.jar
2016-11-03 23:56:13.521+0000 INFO  [o.n.k.i.DiagnosticsManager]  [classpath + loader.0] file:/home/rafael/.m2/repository/org/hamcrest/hamcrest-core/1.3/hamcrest-core-1.3.jar
2016-11-03 23:56:13.521+0000 INFO  [o.n.k.i.DiagnosticsManager]  [classpath + loader.0] file:/home/rafael/.m2/repository/colt/colt/1.2.0/colt-1.2.0.jar
2016-11-03 23:56:13.521+0000 INFO  [o.n.k.i.DiagnosticsManager]  [classpath + loader.0] file:/home/rafael/.m2/repository/org/neo4j/neo4j-graph-matching/2.3.2/neo4j-graph-matching-2.3.2.jar
2016-11-03 23:56:13.521+0000 INFO  [o.n.k.i.DiagnosticsManager]  [bootstrap] /usr/lib/jvm/java-8-oracle/jre/lib/resources.jar
2016-11-03 23:56:13.521+0000 INFO  [o.n.k.i.DiagnosticsManager]  [classpath] /home/rafael/Dropbox/Estudos/Neo4j/Implementações/Rafael/GraphClustering/GraphCommons/target/classes
2016-11-03 23:56:13.521+0000 INFO  [o.n.k.i.DiagnosticsManager]  [classpath + loader.0] file:/home/rafael/.m2/repository/org/scala-lang/scala-library/2.11.7/scala-library-2.11.7.jar
2016-11-03 23:56:13.521+0000 INFO  [o.n.k.i.DiagnosticsManager]  [classpath + loader.0] file:/home/rafael/.m2/repository/org/parboiled/parboiled-core/1.1.7/parboiled-core-1.1.7.jar
2016-11-03 23:56:13.521+0000 INFO  [o.n.k.i.DiagnosticsManager]  [loader.1] file:/usr/lib/jvm/java-8-oracle/jre/lib/ext/localedata.jar
2016-11-03 23:56:13.521+0000 INFO  [o.n.k.i.DiagnosticsManager]  [classpath + loader.0] file:/home/rafael/.m2/repository/org/neo4j/neo4j-cypher-compiler-2.3/2.3.2/neo4j-cypher-compiler-2.3-2.3.2.jar
2016-11-03 23:56:13.521+0000 INFO  [o.n.k.i.DiagnosticsManager]  [classpath + loader.0] file:/home/rafael/.m2/repository/org/neo4j/neo4j-consistency-check/2.3.2/neo4j-consistency-check-2.3.2.jar
2016-11-03 23:56:13.521+0000 INFO  [o.n.k.i.DiagnosticsManager]  [classpath + loader.0] file:/home/rafael/.m2/repository/org/neo4j/neo4j-io/2.3.2/neo4j-io-2.3.2.jar
2016-11-03 23:56:13.521+0000 INFO  [o.n.k.i.DiagnosticsManager] Library path:
2016-11-03 23:56:13.521+0000 INFO  [o.n.k.i.DiagnosticsManager] /usr/lib/jvm/java-8-oracle/jre/lib/amd64
2016-11-03 23:56:13.522+0000 INFO  [o.n.k.i.DiagnosticsManager] /usr/lib/jvm/java-8-oracle/jre/lib/i386
2016-11-03 23:56:13.522+0000 INFO  [o.n.k.i.DiagnosticsManager] /home/rafael/Dropbox/Estudos/Neo4j/Implementações/Rafael/GraphClustering/Communities
2016-11-03 23:56:13.522+0000 INFO  [o.n.k.i.DiagnosticsManager] /usr/java/packages/lib/amd64
2016-11-03 23:56:13.522+0000 INFO  [o.n.k.i.DiagnosticsManager] /usr/lib64
2016-11-03 23:56:13.522+0000 INFO  [o.n.k.i.DiagnosticsManager] /lib64
2016-11-03 23:56:13.522+0000 INFO  [o.n.k.i.DiagnosticsManager] /lib
2016-11-03 23:56:13.522+0000 INFO  [o.n.k.i.DiagnosticsManager] /usr/lib
2016-11-03 23:56:13.522+0000 INFO  [o.n.k.i.DiagnosticsManager] System.properties:
2016-11-03 23:56:13.523+0000 INFO  [o.n.k.i.DiagnosticsManager] sun.boot.library.path = /usr/lib/jvm/java-8-oracle/jre/lib/amd64
2016-11-03 23:56:13.523+0000 INFO  [o.n.k.i.DiagnosticsManager] path.separator = :
2016-11-03 23:56:13.523+0000 INFO  [o.n.k.i.DiagnosticsManager] file.encoding.pkg = sun.io
2016-11-03 23:56:13.523+0000 INFO  [o.n.k.i.DiagnosticsManager] user.country = BR
2016-11-03 23:56:13.523+0000 INFO  [o.n.k.i.DiagnosticsManager] sun.java.launcher = SUN_STANDARD
2016-11-03 23:56:13.523+0000 INFO  [o.n.k.i.DiagnosticsManager] sun.os.patch.level = unknown
2016-11-03 23:56:13.523+0000 INFO  [o.n.k.i.DiagnosticsManager] user.dir = /home/rafael/Dropbox/Estudos/Neo4j/Implementações/Rafael/GraphClustering/Communities
2016-11-03 23:56:13.523+0000 INFO  [o.n.k.i.DiagnosticsManager] sun.jnu.encoding = UTF-8
2016-11-03 23:56:13.523+0000 INFO  [o.n.k.i.DiagnosticsManager] sun.management.compiler = HotSpot 64-Bit Tiered Compilers
2016-11-03 23:56:13.523+0000 INFO  [o.n.k.i.DiagnosticsManager] user.home = /home/rafael
2016-11-03 23:56:13.523+0000 INFO  [o.n.k.i.DiagnosticsManager] user.timezone = America/Sao_Paulo
2016-11-03 23:56:13.523+0000 INFO  [o.n.k.i.DiagnosticsManager] file.encoding = UTF-8
2016-11-03 23:56:13.523+0000 INFO  [o.n.k.i.DiagnosticsManager] user.name = rafael
2016-11-03 23:56:13.523+0000 INFO  [o.n.k.i.DiagnosticsManager] sun.java.command = br.edu.unifei.rmss.MainTest
2016-11-03 23:56:13.523+0000 INFO  [o.n.k.i.DiagnosticsManager] sun.arch.data.model = 64
2016-11-03 23:56:13.524+0000 INFO  [o.n.k.i.DiagnosticsManager] user.language = pt
2016-11-03 23:56:13.524+0000 INFO  [o.n.k.i.DiagnosticsManager] awt.toolkit = sun.awt.X11.XToolkit
2016-11-03 23:56:13.524+0000 INFO  [o.n.k.i.DiagnosticsManager] file.separator = /
2016-11-03 23:56:13.524+0000 INFO  [o.n.k.i.DiagnosticsManager] sun.io.unicode.encoding = UnicodeLittle
2016-11-03 23:56:13.524+0000 INFO  [o.n.k.i.DiagnosticsManager] sun.cpu.endian = little
2016-11-03 23:56:13.524+0000 INFO  [o.n.k.i.DiagnosticsManager] sun.desktop = gnome
2016-11-03 23:56:13.524+0000 INFO  [o.n.k.i.DiagnosticsManager] sun.cpu.isalist = 
2016-11-03 23:56:13.524+0000 INFO  [o.n.k.i.DiagnosticsManager] Linux scheduler information:
2016-11-03 23:56:13.525+0000 INFO  [o.n.k.i.DiagnosticsManager] noop [deadline] cfq 
2016-11-03 23:56:13.525+0000 INFO  [o.n.k.i.DiagnosticsManager] noop [deadline] cfq 
2016-11-03 23:56:13.525+0000 INFO  [o.n.k.i.DiagnosticsManager] none
2016-11-03 23:56:13.525+0000 INFO  [o.n.k.i.DiagnosticsManager] none
2016-11-03 23:56:13.526+0000 INFO  [o.n.k.i.DiagnosticsManager] none
2016-11-03 23:56:13.526+0000 INFO  [o.n.k.i.DiagnosticsManager] none
2016-11-03 23:56:13.526+0000 INFO  [o.n.k.i.DiagnosticsManager] none
2016-11-03 23:56:13.526+0000 INFO  [o.n.k.i.DiagnosticsManager] none
2016-11-03 23:56:13.526+0000 INFO  [o.n.k.i.DiagnosticsManager] none
2016-11-03 23:56:13.526+0000 INFO  [o.n.k.i.DiagnosticsManager] none
2016-11-03 23:56:13.526+0000 INFO  [o.n.k.i.DiagnosticsManager] none
2016-11-03 23:56:13.527+0000 INFO  [o.n.k.i.DiagnosticsManager] none
2016-11-03 23:56:13.527+0000 INFO  [o.n.k.i.DiagnosticsManager] none
2016-11-03 23:56:13.527+0000 INFO  [o.n.k.i.DiagnosticsManager] none
2016-11-03 23:56:13.527+0000 INFO  [o.n.k.i.DiagnosticsManager] none
2016-11-03 23:56:13.527+0000 INFO  [o.n.k.i.DiagnosticsManager] none
2016-11-03 23:56:13.527+0000 INFO  [o.n.k.i.DiagnosticsManager] none
2016-11-03 23:56:13.527+0000 INFO  [o.n.k.i.DiagnosticsManager] none
2016-11-03 23:56:13.528+0000 INFO  [o.n.k.i.DiagnosticsManager] none
2016-11-03 23:56:13.528+0000 INFO  [o.n.k.i.DiagnosticsManager] none
2016-11-03 23:56:13.528+0000 INFO  [o.n.k.i.DiagnosticsManager] none
2016-11-03 23:56:13.528+0000 INFO  [o.n.k.i.DiagnosticsManager] none
2016-11-03 23:56:13.528+0000 INFO  [o.n.k.i.DiagnosticsManager] none
2016-11-03 23:56:13.528+0000 INFO  [o.n.k.i.DiagnosticsManager] none
2016-11-03 23:56:13.528+0000 INFO  [o.n.k.i.DiagnosticsManager] none
2016-11-03 23:56:13.529+0000 INFO  [o.n.k.i.DiagnosticsManager] none
2016-11-03 23:56:13.529+0000 INFO  [o.n.k.i.DiagnosticsManager] Network information:
2016-11-03 23:56:13.530+0000 INFO  [o.n.k.i.DiagnosticsManager] Interface wlan0:
2016-11-03 23:56:13.530+0000 INFO  [o.n.k.i.DiagnosticsManager]     address: fe80:0:0:0:ba57:d992:b730:905f%wlan0
2016-11-03 23:56:13.530+0000 INFO  [o.n.k.i.DiagnosticsManager]     address: 192.168.0.102
2016-11-03 23:56:13.531+0000 INFO  [o.n.k.i.DiagnosticsManager] Interface lo:
2016-11-03 23:56:13.531+0000 INFO  [o.n.k.i.DiagnosticsManager]     address: 0:0:0:0:0:0:0:1%lo
2016-11-03 23:56:13.531+0000 INFO  [o.n.k.i.DiagnosticsManager]     address: 127.0.0.1
2016-11-03 23:56:13.531+0000 INFO  [o.n.k.i.DiagnosticsManager] --- INITIALIZED diagnostics END ---
2016-11-03 23:56:21.379+0000 INFO  [o.n.k.a.i.i.LuceneLabelScanStore] No lucene scan store index found, this might just be first use. Preparing to rebuild.
2016-11-03 23:56:21.753+0000 INFO  [o.n.k.NeoStoreDataSource] Opened logical log [/home/rafael/Dropbox/Estudos/Neo4j/Implementações/Rafael/GraphClustering/Communities/graph4j_cluster_400/neostore.transaction.db.0] version=0, lastTxId=1 (clean)
2016-11-03 23:56:21.763+0000 WARN  [o.n.k.i.s.MetaDataStore] Missing counts store, rebuilding it.
2016-11-03 23:56:21.948+0000 INFO  [o.n.k.a.i.i.LuceneLabelScanStore] Rebuilding lucene scan store, this may take a while
2016-11-03 23:56:21.949+0000 INFO  [o.n.k.a.i.i.LuceneLabelScanStore] Lucene scan store rebuilt (roughly -1 nodes)
2016-11-03 23:56:21.957+0000 INFO  [o.n.k.KernelHealth] Kernel health set to OK
2016-11-03 23:56:28.752+0000 INFO  [o.n.k.AvailabilityGuard] Fulfilling of requirement makes database available: Database available
2016-11-03 23:56:28.752+0000 INFO  [o.n.k.i.f.CommunityFacadeFactory] Database is now ready
2016-11-03 23:56:28.753+0000 INFO  [o.n.k.i.DiagnosticsManager] --- STARTED diagnostics for KernelDiagnostics:Versions START ---
2016-11-03 23:56:28.753+0000 INFO  [o.n.k.i.DiagnosticsManager] Graph Database: Community StoreId{creationTime=1478217379011, randomId=-4131615016407413260, storeVersion=15250506225055238, upgradeTime=1478217379011, upgradeId=1}
2016-11-03 23:56:28.753+0000 INFO  [o.n.k.i.DiagnosticsManager] Kernel version: 2.3.2,30a48a0
2016-11-03 23:56:28.753+0000 INFO  [o.n.k.i.DiagnosticsManager] --- STARTED diagnostics for KernelDiagnostics:Versions END ---
2016-11-03 23:56:28.755+0000 INFO  [o.n.k.i.DiagnosticsManager] --- STARTED diagnostics for NEO_STORE_VERSIONS START ---
2016-11-03 23:56:28.755+0000 INFO  [o.n.k.i.DiagnosticsManager] Store versions:
2016-11-03 23:56:28.755+0000 INFO  [o.n.k.i.DiagnosticsManager] Store versions:
2016-11-03 23:56:28.755+0000 INFO  [o.n.k.i.DiagnosticsManager] ArrayPropertyStore v0.A.6
2016-11-03 23:56:28.755+0000 INFO  [o.n.k.i.DiagnosticsManager] NodeStore v0.A.6
2016-11-03 23:56:28.755+0000 INFO  [o.n.k.i.DiagnosticsManager] StringPropertyStore v0.A.6
2016-11-03 23:56:28.755+0000 INFO  [o.n.k.i.DiagnosticsManager] PropertyIndexStore v0.A.6
2016-11-03 23:56:28.755+0000 INFO  [o.n.k.i.DiagnosticsManager] StringPropertyStore v0.A.6
2016-11-03 23:56:28.755+0000 INFO  [o.n.k.i.DiagnosticsManager] ArrayPropertyStore v0.A.6
2016-11-03 23:56:28.755+0000 INFO  [o.n.k.i.DiagnosticsManager] PropertyStore v0.A.6
2016-11-03 23:56:28.756+0000 INFO  [o.n.k.i.DiagnosticsManager] RelationshipStore v0.A.6
2016-11-03 23:56:28.756+0000 INFO  [o.n.k.i.DiagnosticsManager] StringPropertyStore v0.A.6
2016-11-03 23:56:28.756+0000 INFO  [o.n.k.i.DiagnosticsManager] RelationshipTypeStore v0.A.6
2016-11-03 23:56:28.756+0000 INFO  [o.n.k.i.DiagnosticsManager] StringPropertyStore v0.A.6
2016-11-03 23:56:28.756+0000 INFO  [o.n.k.i.DiagnosticsManager] LabelTokenStore v0.A.6
2016-11-03 23:56:28.756+0000 INFO  [o.n.k.i.DiagnosticsManager] SchemaStore v0.A.6
2016-11-03 23:56:28.756+0000 INFO  [o.n.k.i.DiagnosticsManager] RelationshipGroupStore v0.A.6
2016-11-03 23:56:28.756+0000 INFO  [o.n.k.i.DiagnosticsManager] NeoStore v0.A.6
2016-11-03 23:56:28.756+0000 INFO  [o.n.k.i.DiagnosticsManager] --- STARTED diagnostics for NEO_STORE_VERSIONS END ---
2016-11-03 23:56:28.756+0000 INFO  [o.n.k.i.DiagnosticsManager] --- STARTED diagnostics for NEO_STORE_ID_USAGE START ---
2016-11-03 23:56:28.756+0000 INFO  [o.n.k.i.DiagnosticsManager] Id usage:
2016-11-03 23:56:28.756+0000 INFO  [o.n.k.i.DiagnosticsManager] Id usage:
2016-11-03 23:56:28.756+0000 INFO  [o.n.k.i.DiagnosticsManager]   ArrayPropertyStore v0.A.6: used=1 high=0
2016-11-03 23:56:28.757+0000 INFO  [o.n.k.i.DiagnosticsManager]   NodeStore v0.A.6: used=0 high=-1
2016-11-03 23:56:28.757+0000 INFO  [o.n.k.i.DiagnosticsManager]   StringPropertyStore v0.A.6: used=1 high=0
2016-11-03 23:56:28.757+0000 INFO  [o.n.k.i.DiagnosticsManager]   PropertyIndexStore v0.A.6: used=0 high=-1
2016-11-03 23:56:28.757+0000 INFO  [o.n.k.i.DiagnosticsManager]   StringPropertyStore v0.A.6: used=1 high=0
2016-11-03 23:56:28.757+0000 INFO  [o.n.k.i.DiagnosticsManager]   ArrayPropertyStore v0.A.6: used=1 high=0
2016-11-03 23:56:28.757+0000 INFO  [o.n.k.i.DiagnosticsManager]   PropertyStore v0.A.6: used=0 high=-1
2016-11-03 23:56:28.758+0000 INFO  [o.n.k.i.DiagnosticsManager]   RelationshipStore v0.A.6: used=0 high=-1
2016-11-03 23:56:28.758+0000 INFO  [o.n.k.i.DiagnosticsManager]   StringPropertyStore v0.A.6: used=1 high=0
2016-11-03 23:56:28.758+0000 INFO  [o.n.k.i.DiagnosticsManager]   RelationshipTypeStore v0.A.6: used=0 high=-1
2016-11-03 23:56:28.758+0000 INFO  [o.n.k.i.DiagnosticsManager]   StringPropertyStore v0.A.6: used=1 high=0
2016-11-03 23:56:28.758+0000 INFO  [o.n.k.i.DiagnosticsManager]   LabelTokenStore v0.A.6: used=0 high=-1
2016-11-03 23:56:28.758+0000 INFO  [o.n.k.i.DiagnosticsManager]   SchemaStore v0.A.6: used=1 high=0
2016-11-03 23:56:28.758+0000 INFO  [o.n.k.i.DiagnosticsManager]   RelationshipGroupStore v0.A.6: used=1 high=0
2016-11-03 23:56:28.759+0000 INFO  [o.n.k.i.DiagnosticsManager]   NeoStore v0.A.6: used=13 high=12
2016-11-03 23:56:28.759+0000 INFO  [o.n.k.i.DiagnosticsManager] --- STARTED diagnostics for NEO_STORE_ID_USAGE END ---
2016-11-03 23:56:28.759+0000 INFO  [o.n.k.i.DiagnosticsManager] --- STARTED diagnostics for NEO_STORE_RECORDS START ---
2016-11-03 23:56:28.759+0000 INFO  [o.n.k.i.DiagnosticsManager] Neostore records:
2016-11-03 23:56:28.760+0000 INFO  [o.n.k.i.DiagnosticsManager] TIME (Creation time): 1478217379011
2016-11-03 23:56:28.760+0000 INFO  [o.n.k.i.DiagnosticsManager] RANDOM_NUMBER (Random number for store id): -4131615016407413260
2016-11-03 23:56:28.760+0000 INFO  [o.n.k.i.DiagnosticsManager] LOG_VERSION (Current log version): 0
2016-11-03 23:56:28.760+0000 INFO  [o.n.k.i.DiagnosticsManager] LAST_TRANSACTION_ID (Last committed transaction): 1
2016-11-03 23:56:28.760+0000 INFO  [o.n.k.i.DiagnosticsManager] STORE_VERSION (Store format version): 15250506225055238
2016-11-03 23:56:28.760+0000 INFO  [o.n.k.i.DiagnosticsManager] FIRST_GRAPH_PROPERTY (First property record containing graph properties): -1
2016-11-03 23:56:28.760+0000 INFO  [o.n.k.i.DiagnosticsManager] LAST_CONSTRAINT_TRANSACTION (Last committed transaction containing constraint changes): 0
2016-11-03 23:56:28.760+0000 INFO  [o.n.k.i.DiagnosticsManager] UPGRADE_TRANSACTION_ID (Transaction id most recent upgrade was performed at): 1
2016-11-03 23:56:28.760+0000 INFO  [o.n.k.i.DiagnosticsManager] UPGRADE_TIME (Time of last upgrade): 1478217379011
2016-11-03 23:56:28.760+0000 INFO  [o.n.k.i.DiagnosticsManager] LAST_TRANSACTION_CHECKSUM (Checksum of last committed transaction): 0
2016-11-03 23:56:28.760+0000 INFO  [o.n.k.i.DiagnosticsManager] UPGRADE_TRANSACTION_CHECKSUM (Checksum of transaction id the most recent upgrade was performed at): 0
2016-11-03 23:56:28.760+0000 INFO  [o.n.k.i.DiagnosticsManager] LAST_CLOSED_TRANSACTION_LOG_VERSION (Log version where the last transaction commit entry has been written into): 0
2016-11-03 23:56:28.761+0000 INFO  [o.n.k.i.DiagnosticsManager] LAST_CLOSED_TRANSACTION_LOG_BYTE_OFFSET (Byte offset in the log file where the last transaction commit entry has been written into): 16
2016-11-03 23:56:28.761+0000 INFO  [o.n.k.i.DiagnosticsManager] --- STARTED diagnostics for NEO_STORE_RECORDS END ---
2016-11-03 23:56:28.761+0000 INFO  [o.n.k.i.DiagnosticsManager] --- STARTED diagnostics for TRANSACTION_RANGE START ---
2016-11-03 23:56:28.761+0000 INFO  [o.n.k.i.DiagnosticsManager] Transaction log:
2016-11-03 23:56:28.762+0000 INFO  [o.n.k.i.DiagnosticsManager] No transactions found in any log
2016-11-03 23:56:28.762+0000 INFO  [o.n.k.i.DiagnosticsManager] --- STARTED diagnostics for TRANSACTION_RANGE END ---
2016-11-03 23:56:28.762+0000 INFO  [o.n.k.i.DiagnosticsManager] --- STARTED diagnostics for KernelDiagnostics:StoreFiles START ---
2016-11-03 23:56:28.762+0000 INFO  [o.n.k.i.DiagnosticsManager] Disk space on partition (Total / Free / Free %): 99589816320 / 22246977536 / 22
Storage files: (filename : modification date - size)
2016-11-03 23:56:28.915+0000 INFO  [o.n.k.i.DiagnosticsManager]   index:
2016-11-03 23:56:28.916+0000 INFO  [o.n.k.i.DiagnosticsManager]   - Total: 2016-11-03T21:56:20-0200 - 0,00 B
2016-11-03 23:56:28.919+0000 INFO  [o.n.k.i.DiagnosticsManager]   messages.log: 2016-11-03T21:56:28-0200 - 29,00 kB
2016-11-03 23:56:28.919+0000 INFO  [o.n.k.i.DiagnosticsManager]   neostore: 2016-11-03T21:56:19-0200 - 8,00 kB
2016-11-03 23:56:28.919+0000 INFO  [o.n.k.i.DiagnosticsManager]   neostore.counts.db.a: 2016-11-03T21:56:21-0200 - 96,00 B
2016-11-03 23:56:28.920+0000 INFO  [o.n.k.i.DiagnosticsManager]   neostore.id: 2016-11-03T21:56:19-0200 - 9,00 B
2016-11-03 23:56:28.920+0000 INFO  [o.n.k.i.DiagnosticsManager]   neostore.labeltokenstore.db: 2016-11-03T21:56:17-0200 - 0,00 B
2016-11-03 23:56:28.920+0000 INFO  [o.n.k.i.DiagnosticsManager]   neostore.labeltokenstore.db.id: 2016-11-03T21:56:17-0200 - 9,00 B
2016-11-03 23:56:28.920+0000 INFO  [o.n.k.i.DiagnosticsManager]   neostore.labeltokenstore.db.names: 2016-11-03T21:56:17-0200 - 8,00 kB
2016-11-03 23:56:28.921+0000 INFO  [o.n.k.i.DiagnosticsManager]   neostore.labeltokenstore.db.names.id: 2016-11-03T21:56:17-0200 - 9,00 B
2016-11-03 23:56:28.921+0000 INFO  [o.n.k.i.DiagnosticsManager]   neostore.nodestore.db: 2016-11-03T21:56:15-0200 - 0,00 B
2016-11-03 23:56:28.921+0000 INFO  [o.n.k.i.DiagnosticsManager]   neostore.nodestore.db.id: 2016-11-03T21:56:15-0200 - 9,00 B
2016-11-03 23:56:28.922+0000 INFO  [o.n.k.i.DiagnosticsManager]   neostore.nodestore.db.labels: 2016-11-03T21:56:15-0200 - 8,00 kB
2016-11-03 23:56:28.922+0000 INFO  [o.n.k.i.DiagnosticsManager]   neostore.nodestore.db.labels.id: 2016-11-03T21:56:15-0200 - 9,00 B
2016-11-03 23:56:28.923+0000 INFO  [o.n.k.i.DiagnosticsManager]   neostore.propertystore.db: 2016-11-03T21:56:16-0200 - 0,00 B
2016-11-03 23:56:28.924+0000 INFO  [o.n.k.i.DiagnosticsManager]   neostore.propertystore.db.arrays: 2016-11-03T21:56:16-0200 - 8,00 kB
2016-11-03 23:56:28.924+0000 INFO  [o.n.k.i.DiagnosticsManager]   neostore.propertystore.db.arrays.id: 2016-11-03T21:56:16-0200 - 9,00 B
2016-11-03 23:56:28.924+0000 INFO  [o.n.k.i.DiagnosticsManager]   neostore.propertystore.db.id: 2016-11-03T21:56:16-0200 - 9,00 B
2016-11-03 23:56:28.924+0000 INFO  [o.n.k.i.DiagnosticsManager]   neostore.propertystore.db.index: 2016-11-03T21:56:16-0200 - 0,00 B
2016-11-03 23:56:28.925+0000 INFO  [o.n.k.i.DiagnosticsManager]   neostore.propertystore.db.index.id: 2016-11-03T21:56:16-0200 - 9,00 B
2016-11-03 23:56:28.925+0000 INFO  [o.n.k.i.DiagnosticsManager]   neostore.propertystore.db.index.keys: 2016-11-03T21:56:15-0200 - 8,00 kB
2016-11-03 23:56:28.925+0000 INFO  [o.n.k.i.DiagnosticsManager]   neostore.propertystore.db.index.keys.id: 2016-11-03T21:56:15-0200 - 9,00 B
2016-11-03 23:56:28.925+0000 INFO  [o.n.k.i.DiagnosticsManager]   neostore.propertystore.db.strings: 2016-11-03T21:56:16-0200 - 8,00 kB
2016-11-03 23:56:28.926+0000 INFO  [o.n.k.i.DiagnosticsManager]   neostore.propertystore.db.strings.id: 2016-11-03T21:56:16-0200 - 9,00 B
2016-11-03 23:56:28.926+0000 INFO  [o.n.k.i.DiagnosticsManager]   neostore.relationshipgroupstore.db: 2016-11-03T21:56:18-0200 - 8,00 kB
2016-11-03 23:56:28.926+0000 INFO  [o.n.k.i.DiagnosticsManager]   neostore.relationshipgroupstore.db.id: 2016-11-03T21:56:18-0200 - 9,00 B
2016-11-03 23:56:28.926+0000 INFO  [o.n.k.i.DiagnosticsManager]   neostore.relationshipstore.db: 2016-11-03T21:56:16-0200 - 0,00 B
2016-11-03 23:56:28.933+0000 INFO  [o.n.k.i.DiagnosticsManager]   neostore.relationshipstore.db.id: 2016-11-03T21:56:17-0200 - 9,00 B
2016-11-03 23:56:28.933+0000 INFO  [o.n.k.i.DiagnosticsManager]   neostore.relationshiptypestore.db: 2016-11-03T21:56:17-0200 - 0,00 B
2016-11-03 23:56:28.934+0000 INFO  [o.n.k.i.DiagnosticsManager]   neostore.relationshiptypestore.db.id: 2016-11-03T21:56:17-0200 - 9,00 B
2016-11-03 23:56:28.934+0000 INFO  [o.n.k.i.DiagnosticsManager]   neostore.relationshiptypestore.db.names: 2016-11-03T21:56:17-0200 - 8,00 kB
2016-11-03 23:56:28.934+0000 INFO  [o.n.k.i.DiagnosticsManager]   neostore.relationshiptypestore.db.names.id: 2016-11-03T21:56:17-0200 - 9,00 B
2016-11-03 23:56:28.934+0000 INFO  [o.n.k.i.DiagnosticsManager]   neostore.schemastore.db: 2016-11-03T21:56:17-0200 - 8,00 kB
2016-11-03 23:56:28.935+0000 INFO  [o.n.k.i.DiagnosticsManager]   neostore.schemastore.db.id: 2016-11-03T21:56:17-0200 - 9,00 B
2016-11-03 23:56:28.935+0000 INFO  [o.n.k.i.DiagnosticsManager]   neostore.transaction.db.0: 2016-11-03T21:56:21-0200 - 16,00 B
2016-11-03 23:56:28.935+0000 INFO  [o.n.k.i.DiagnosticsManager]   schema:
2016-11-03 23:56:28.935+0000 INFO  [o.n.k.i.DiagnosticsManager]     label:
2016-11-03 23:56:28.935+0000 INFO  [o.n.k.i.DiagnosticsManager]       lucene:
2016-11-03 23:56:28.935+0000 INFO  [o.n.k.i.DiagnosticsManager]         write.lock: 2016-11-03T21:56:21-0200 - 0,00 B
2016-11-03 23:56:28.936+0000 INFO  [o.n.k.i.DiagnosticsManager]       - Total: 2016-11-03T21:56:21-0200 - 0,00 B
2016-11-03 23:56:28.936+0000 INFO  [o.n.k.i.DiagnosticsManager]     - Total: 2016-11-03T21:56:21-0200 - 0,00 B
2016-11-03 23:56:28.936+0000 INFO  [o.n.k.i.DiagnosticsManager]   - Total: 2016-11-03T21:56:20-0200 - 0,00 B
2016-11-03 23:56:28.936+0000 INFO  [o.n.k.i.DiagnosticsManager]   store_lock: 2016-11-03T21:56:13-0200 - 0,00 B
2016-11-03 23:56:28.937+0000 INFO  [o.n.k.i.DiagnosticsManager] --- STARTED diagnostics for KernelDiagnostics:StoreFiles END ---
2016-11-03 23:57:29.434+0000 INFO  [o.n.c.i.CypherCompiler] Discarded stale query from the query cache: Query(None,SingleQuery(List(Match(false,Pattern(List(EveryPath(NodePattern(Some(Identifier(a)),List(),None,false)))),List(),Some(Where(And(Equals(Property(Identifier(a),PropertyKeyName(INDEX)),Parameter(  AUTOINT0)),HasLabels(Identifier(a),List(LabelName(NODE))))))), Return(false,ReturnItems(false,List(AliasedReturnItem(Identifier(a),Identifier(a)))),None,None,Some(Limit(SignedDecimalIntegerLiteral(1)))))))
2016-11-03 23:57:29.655+0000 INFO  [o.n.c.i.ServerExecutionEngine] Discarded stale query from the query cache: CYPHER 2.3 MATCH (a:NODE{INDEX:25}) RETURN a LIMIT 1
2016-11-03 23:57:29.806+0000 INFO  [o.n.c.i.CypherCompiler] Discarded stale query from the query cache: Query(None,SingleQuery(List(Match(false,Pattern(List(EveryPath(RelationshipChain(NodePattern(Some(Identifier(a)),List(),None,false),RelationshipPattern(Some(Identifier(r)),false,List(RelTypeName(LINK)),None,None,BOTH),NodePattern(Some(Identifier(b)),List(),None,false))))),List(),Some(Where(And(And(And(Equals(Property(Identifier(a),PropertyKeyName(INDEX)),Parameter(  AUTOINT0)),HasLabels(Identifier(a),List(LabelName(NODE)))),Equals(Property(Identifier(b),PropertyKeyName(INDEX)),Parameter(  AUTOINT1))),HasLabels(Identifier(b),List(LabelName(NODE))))))), With(false,ReturnItems(false,Vector(AliasedReturnItem(Identifier(r),Identifier(  FRESHID62)))),None,None,None,None), With(false,ReturnItems(false,Vector(AliasedReturnItem(Identifier(  FRESHID62),Identifier(  FRESHID62)), AliasedReturnItem(Property(Identifier(  FRESHID62),PropertyKeyName(INDEX)),Identifier(  FRESHID75)))),Some(OrderBy(Vector(DescSortItem(Identifier(  FRESHID75))))),None,Some(Limit(SignedDecimalIntegerLiteral(1))),None), With(false,ReturnItems(false,Vector(AliasedReturnItem(Identifier(  FRESHID62),Identifier(  FRESHID62)))),None,None,None,None), Return(false,ReturnItems(false,List(AliasedReturnItem(Identifier(  FRESHID62),Identifier(r)))),None,None,None))))
2016-11-03 23:57:30.170+0000 INFO  [o.n.c.i.ServerExecutionEngine] Discarded stale query from the query cache: CYPHER 2.3 MATCH (a:NODE{INDEX:87}) RETURN a LIMIT 1
2016-11-03 23:57:30.292+0000 INFO  [o.n.c.i.ServerExecutionEngine] Discarded stale query from the query cache: CYPHER 2.3 MATCH (a:NODE{INDEX:177}) RETURN a LIMIT 1
2016-11-03 23:57:30.317+0000 INFO  [o.n.c.i.ServerExecutionEngine] Discarded stale query from the query cache: CYPHER 2.3 MATCH (a:NODE{INDEX:31}) RETURN a LIMIT 1
2016-11-03 23:57:30.435+0000 INFO  [o.n.c.i.ServerExecutionEngine] Discarded stale query from the query cache: CYPHER 2.3 MATCH (a:NODE{INDEX:191}) RETURN a LIMIT 1
2016-11-03 23:57:30.666+0000 INFO  [o.n.c.i.ServerExecutionEngine] Discarded stale query from the query cache: CYPHER 2.3 MATCH (a:NODE{INDEX:62}) RETURN a LIMIT 1
2016-11-03 23:57:30.801+0000 INFO  [o.n.c.i.ServerExecutionEngine] Discarded stale query from the query cache: CYPHER 2.3 MATCH (a:NODE{INDEX:92}) RETURN a LIMIT 1
2016-11-03 23:57:32.563+0000 INFO  [o.n.c.i.ServerExecutionEngine] Discarded stale query from the query cache: CYPHER 2.3 MATCH (a:NODE{INDEX:18}) RETURN a LIMIT 1
2016-11-03 23:57:34.003+0000 INFO  [o.n.c.i.ServerExecutionEngine] Discarded stale query from the query cache: CYPHER 2.3 MATCH (a:NODE{INDEX:65}) RETURN a LIMIT 1
2016-11-03 23:57:34.538+0000 INFO  [o.n.c.i.ServerExecutionEngine] Discarded stale query from the query cache: CYPHER 2.3 MATCH (a:NODE{INDEX:184}) RETURN a LIMIT 1
2016-11-03 23:57:45.486+0000 WARN  [o.n.k.i.c.MonitorGc] GC Monitor: Application threads blocked for 249ms.
2016-11-04 00:01:22.040+0000 INFO  [o.n.k.i.t.l.c.CheckPointerImpl] Check Pointing triggered by scheduler for time threshold [407]:  Starting check pointing...
2016-11-04 00:01:22.040+0000 INFO  [o.n.k.i.t.l.c.CheckPointerImpl] Check Pointing triggered by scheduler for time threshold [407]:  Starting store flush...
2016-11-04 00:01:22.215+0000 INFO  [o.n.k.i.s.c.CountsTracker] About to rotate counts store at transaction 407 to [/home/rafael/Dropbox/Estudos/Neo4j/Implementações/Rafael/GraphClustering/Communities/graph4j_cluster_400/neostore.counts.db.b], from [/home/rafael/Dropbox/Estudos/Neo4j/Implementações/Rafael/GraphClustering/Communities/graph4j_cluster_400/neostore.counts.db.a].
2016-11-04 00:01:22.218+0000 INFO  [o.n.k.i.s.c.CountsTracker] Successfully rotated counts store at transaction 407 to [/home/rafael/Dropbox/Estudos/Neo4j/Implementações/Rafael/GraphClustering/Communities/graph4j_cluster_400/neostore.counts.db.b], from [/home/rafael/Dropbox/Estudos/Neo4j/Implementações/Rafael/GraphClustering/Communities/graph4j_cluster_400/neostore.counts.db.a].
2016-11-04 00:01:22.456+0000 INFO  [o.n.k.i.t.l.c.CheckPointerImpl] Check Pointing triggered by scheduler for time threshold [407]:  Store flush completed
2016-11-04 00:01:22.456+0000 INFO  [o.n.k.i.t.l.c.CheckPointerImpl] Check Pointing triggered by scheduler for time threshold [407]:  Starting appending check point entry into the tx log...
2016-11-04 00:01:22.509+0000 INFO  [o.n.k.i.t.l.c.CheckPointerImpl] Check Pointing triggered by scheduler for time threshold [407]:  Appending check point entry into the tx log completed
2016-11-04 00:01:22.510+0000 INFO  [o.n.k.i.t.l.c.CheckPointerImpl] Check Pointing triggered by scheduler for time threshold [407]:  Check pointing completed
2016-11-04 00:01:22.512+0000 INFO  [o.n.k.i.t.l.p.LogPruningImpl] Log Rotation [0]:  Starting log pruning.
2016-11-04 00:01:22.512+0000 INFO  [o.n.k.i.t.l.p.LogPruningImpl] Log Rotation [0]:  Log pruning complete.
